# JRE version: Java(TM) SE Runtime Environment (8.0_65-b17) (build 1.8.0_65-b17)
# Java VM: Java HotSpot(TM) 64-Bit Server VM (25.65-b01 mixed mode windows-amd64 compressed oops)
Heap:
 PSYoungGen      total 301568K, used 89741K [0x00000000eab00000, 0x0000000100000000, 0x0000000100000000)
  eden space 276480K, 23% used [0x00000000eab00000,0x00000000eea2a7a0,0x00000000fb900000)
  from space 25088K, 99% used [0x00000000fe780000,0x00000000ffff8f28,0x0000000100000000)
  to   space 36352K, 0% used [0x00000000fb900000,0x00000000fb900000,0x00000000fdc80000)
 ParOldGen       total 141312K, used 78607K [0x00000000c0000000, 0x00000000c8a00000, 0x00000000eab00000)
  object space 141312K, 55% used [0x00000000c0000000,0x00000000c4cc3cf0,0x00000000c8a00000)
 Metaspace       used 66304K, capacity 68754K, committed 68992K, reserved 1107968K
  class space    used 8859K, capacity 9594K, committed 9600K, reserved 1048576K
GC Heap History (10 events):
Event: 57.054 GC heap before
{Heap before GC invocations=15 (full 3):
 PSYoungGen      total 321536K, used 300032K [0x00000000eab00000, 0x0000000100000000, 0x0000000100000000)
  eden space 300032K, 100% used [0x00000000eab00000,0x00000000fd000000,0x00000000fd000000)
  from space 21504K, 0% used [0x00000000fd000000,0x00000000fd000000,0x00000000fe500000)
  to   space 22016K, 0% used [0x00000000fea80000,0x00000000fea80000,0x0000000100000000)
 ParOldGen       total 80384K, used 57348K [0x00000000c0000000, 0x00000000c4e80000, 0x00000000eab00000)
  object space 80384K, 71% used [0x00000000c0000000,0x00000000c3801080,0x00000000c4e80000)
 Metaspace       used 55817K, capacity 57744K, committed 57984K, reserved 1099776K
  class space    used 7640K, capacity 8224K, committed 8320K, reserved 1048576K
Event: 57.100 GC heap after
Heap after GC invocations=15 (full 3):
 PSYoungGen      total 323072K, used 19070K [0x00000000eab00000, 0x0000000100000000, 0x0000000100000000)
  eden space 301056K, 0% used [0x00000000eab00000,0x00000000eab00000,0x00000000fd100000)
  from space 22016K, 86% used [0x00000000fea80000,0x00000000ffd1f8b0,0x0000000100000000)
  to   space 24064K, 0% used [0x00000000fd100000,0x00000000fd100000,0x00000000fe880000)
 ParOldGen       total 80384K, used 57356K [0x00000000c0000000, 0x00000000c4e80000, 0x00000000eab00000)
  object space 80384K, 71% used [0x00000000c0000000,0x00000000c3803080,0x00000000c4e80000)
 Metaspace       used 55817K, capacity 57744K, committed 57984K, reserved 1099776K
  class space    used 7640K, capacity 8224K, committed 8320K, reserved 1048576K
}
Event: 534.772 GC heap before
{Heap before GC invocations=16 (full 3):
 PSYoungGen      total 323072K, used 252518K [0x00000000eab00000, 0x0000000100000000, 0x0000000100000000)
  eden space 301056K, 77% used [0x00000000eab00000,0x00000000f8efa080,0x00000000fd100000)
  from space 22016K, 86% used [0x00000000fea80000,0x00000000ffd1f8b0,0x0000000100000000)
  to   space 24064K, 0% used [0x00000000fd100000,0x00000000fd100000,0x00000000fe880000)
 ParOldGen       total 80384K, used 57356K [0x00000000c0000000, 0x00000000c4e80000, 0x00000000eab00000)
  object space 80384K, 71% used [0x00000000c0000000,0x00000000c3803080,0x00000000c4e80000)
 Metaspace       used 57970K, capacity 59996K, committed 60032K, reserved 1101824K
  class space    used 7930K, capacity 8554K, committed 8576K, reserved 1048576K
Event: 534.808 GC heap after
Heap after GC invocations=16 (full 3):
 PSYoungGen      total 324096K, used 22624K [0x00000000eab00000, 0x0000000100000000, 0x0000000100000000)
  eden space 301056K, 0% used [0x00000000eab00000,0x00000000eab00000,0x00000000fd100000)
  from space 23040K, 98% used [0x00000000fd100000,0x00000000fe718360,0x00000000fe780000)
  to   space 25088K, 0% used [0x00000000fe780000,0x00000000fe780000,0x0000000100000000)
 ParOldGen       total 80384K, used 60295K [0x00000000c0000000, 0x00000000c4e80000, 0x00000000eab00000)
  object space 80384K, 75% used [0x00000000c0000000,0x00000000c3ae1f20,0x00000000c4e80000)
 Metaspace       used 57970K, capacity 59996K, committed 60032K, reserved 1101824K
  class space    used 7930K, capacity 8554K, committed 8576K, reserved 1048576K
}
Event: 534.808 GC heap before
{Heap before GC invocations=17 (full 4):
 PSYoungGen      total 324096K, used 22624K [0x00000000eab00000, 0x0000000100000000, 0x0000000100000000)
  eden space 301056K, 0% used [0x00000000eab00000,0x00000000eab00000,0x00000000fd100000)
  from space 23040K, 98% used [0x00000000fd100000,0x00000000fe718360,0x00000000fe780000)
  to   space 25088K, 0% used [0x00000000fe780000,0x00000000fe780000,0x0000000100000000)
 ParOldGen       total 80384K, used 60295K [0x00000000c0000000, 0x00000000c4e80000, 0x00000000eab00000)
  object space 80384K, 75% used [0x00000000c0000000,0x00000000c3ae1f20,0x00000000c4e80000)
 Metaspace       used 57970K, capacity 59996K, committed 60032K, reserved 1101824K
  class space    used 7930K, capacity 8554K, committed 8576K, reserved 1048576K
Event: 535.268 GC heap after
Heap after GC invocations=17 (full 4):
 PSYoungGen      total 324096K, used 0K [0x00000000eab00000, 0x0000000100000000, 0x0000000100000000)
  eden space 301056K, 0% used [0x00000000eab00000,0x00000000eab00000,0x00000000fd100000)
  from space 23040K, 0% used [0x00000000fd100000,0x00000000fd100000,0x00000000fe780000)
  to   space 25088K, 0% used [0x00000000fe780000,0x00000000fe780000,0x0000000100000000)
 ParOldGen       total 80384K, used 72563K [0x00000000c0000000, 0x00000000c4e80000, 0x00000000eab00000)
  object space 80384K, 90% used [0x00000000c0000000,0x00000000c46dcf70,0x00000000c4e80000)
 Metaspace       used 57970K, capacity 59996K, committed 60032K, reserved 1101824K
  class space    used 7930K, capacity 8554K, committed 8576K, reserved 1048576K
}
Event: 729.737 GC heap before
{Heap before GC invocations=18 (full 5):
 PSYoungGen      total 324096K, used 301056K [0x00000000eab00000, 0x0000000100000000, 0x0000000100000000)
  eden space 301056K, 100% used [0x00000000eab00000,0x00000000fd100000,0x00000000fd100000)
  from space 23040K, 0% used [0x00000000fd100000,0x00000000fd100000,0x00000000fe780000)
  to   space 25088K, 0% used [0x00000000fe780000,0x00000000fe780000,0x0000000100000000)
 ParOldGen       total 80384K, used 72563K [0x00000000c0000000, 0x00000000c4e80000, 0x00000000eab00000)
  object space 80384K, 90% used [0x00000000c0000000,0x00000000c46dcf70,0x00000000c4e80000)
 Metaspace       used 60268K, capacity 62610K, committed 62976K, reserved 1103872K
  class space    used 8152K, capacity 8842K, committed 8960K, reserved 1048576K
Event: 729.902 GC heap after
Heap after GC invocations=18 (full 5):
 PSYoungGen      total 324096K, used 0K [0x00000000eab00000, 0x0000000100000000, 0x0000000100000000)
  eden space 301056K, 0% used [0x00000000eab00000,0x00000000eab00000,0x00000000fd100000)
  from space 23040K, 0% used [0x00000000fd100000,0x00000000fd100000,0x00000000fe780000)
  to   space 25088K, 0% used [0x00000000fe780000,0x00000000fe780000,0x0000000100000000)
 ParOldGen       total 141312K, used 63283K [0x00000000c0000000, 0x00000000c8a00000, 0x00000000eab00000)
  object space 141312K, 44% used [0x00000000c0000000,0x00000000c3dcce28,0x00000000c8a00000)
 Metaspace       used 60268K, capacity 62610K, committed 62976K, reserved 1103872K
  class space    used 8152K, capacity 8842K, committed 8960K, reserved 1048576K
}
Event: 743.289 GC heap before
{Heap before GC invocations=19 (full 5):
 PSYoungGen      total 324096K, used 301056K [0x00000000eab00000, 0x0000000100000000, 0x0000000100000000)
  eden space 301056K, 100% used [0x00000000eab00000,0x00000000fd100000,0x00000000fd100000)
  from space 23040K, 0% used [0x00000000fd100000,0x00000000fd100000,0x00000000fe780000)
  to   space 25088K, 0% used [0x00000000fe780000,0x00000000fe780000,0x0000000100000000)
 ParOldGen       total 141312K, used 63283K [0x00000000c0000000, 0x00000000c8a00000, 0x00000000eab00000)
  object space 141312K, 44% used [0x00000000c0000000,0x00000000c3dcce28,0x00000000c8a00000)
 Metaspace       used 64936K, capacity 67442K, committed 67712K, reserved 1107968K
  class space    used 8751K, capacity 9498K, committed 9600K, reserved 1048576K
Event: 743.358 GC heap after
Heap after GC invocations=19 (full 5):
 PSYoungGen      total 301568K, used 25059K [0x00000000eab00000, 0x0000000100000000, 0x0000000100000000)
  eden space 276480K, 0% used [0x00000000eab00000,0x00000000eab00000,0x00000000fb900000)
  from space 25088K, 99% used [0x00000000fe780000,0x00000000ffff8f28,0x0000000100000000)
  to   space 36352K, 0% used [0x00000000fb900000,0x00000000fb900000,0x00000000fdc80000)
 ParOldGen       total 141312K, used 78607K [0x00000000c0000000, 0x00000000c8a00000, 0x00000000eab00000)
  object space 141312K, 55% used [0x00000000c0000000,0x00000000c4cc3cf0,0x00000000c8a00000)
 Metaspace       used 64936K, capacity 67442K, committed 67712K, reserved 1107968K
  class space    used 8751K, capacity 9498K, committed 9600K, reserved 1048576K
}

